<?xml version="1.0" encoding="UTF-8"?>
<testsuite xmlns:xsi="http://www.w3.org/2001/XMLSchema-instance" xsi:noNamespaceSchemaLocation="https://maven.apache.org/surefire/maven-surefire-plugin/xsd/surefire-test-report-3.0.xsd" version="3.0" name="com.demo.CalculatorTest" time="0.79" tests="4" errors="0" skipped="0" failures="0">
  <properties>
[...]
</properties>
  <testcase name="testAddPositiveNumbers" classname="com.demo.CalculatorTest" time="0.066"/>
  <testcase name="testAddNegativeNumbers" classname="com.demo.CalculatorTest" time="0.003"/>
  <testcase name="testAddMixedNumbers" classname="com.demo.CalculatorTest" time="0.002"/>
  <testcase name="testAddWithZero" classname="com.demo.CalculatorTest" time="0.002"/>
</testsuite>